{"/Users/terukimateus/Documents/br-docs-utils/src/celular.ts": {"path":"/Users/terukimateus/Documents/br-docs-utils/src/celular.ts","all":false,"statementMap":{"2":{"start":{"line":3,"column":0},"end":{"line":3,"column":53}},"3":{"start":{"line":4,"column":0},"end":{"line":4,"column":32}},"4":{"start":{"line":5,"column":0},"end":{"line":5,"column":32}},"5":{"start":{"line":6,"column":0},"end":{"line":6,"column":2}},"7":{"start":{"line":8,"column":0},"end":{"line":8,"column":27}},"8":{"start":{"line":9,"column":0},"end":{"line":9,"column":106}},"18":{"start":{"line":19,"column":0},"end":{"line":19,"column":46}},"19":{"start":{"line":20,"column":0},"end":{"line":20,"column":39}},"21":{"start":{"line":22,"column":0},"end":{"line":22,"column":22}},"22":{"start":{"line":23,"column":0},"end":{"line":23,"column":39}},"23":{"start":{"line":24,"column":0},"end":{"line":24,"column":3}},"25":{"start":{"line":26,"column":0},"end":{"line":26,"column":20}},"26":{"start":{"line":27,"column":0},"end":{"line":27,"column":38}},"27":{"start":{"line":28,"column":0},"end":{"line":28,"column":3}},"29":{"start":{"line":30,"column":0},"end":{"line":30,"column":19}},"30":{"start":{"line":31,"column":0},"end":{"line":31,"column":37}},"31":{"start":{"line":32,"column":0},"end":{"line":32,"column":3}},"40":{"start":{"line":41,"column":0},"end":{"line":41,"column":42}},"41":{"start":{"line":42,"column":0},"end":{"line":42,"column":29}},"43":{"start":{"line":44,"column":0},"end":{"line":44,"column":48}},"44":{"start":{"line":45,"column":0},"end":{"line":45,"column":40}},"45":{"start":{"line":46,"column":0},"end":{"line":46,"column":3}},"53":{"start":{"line":54,"column":0},"end":{"line":54,"column":40}},"54":{"start":{"line":55,"column":0},"end":{"line":55,"column":48}},"55":{"start":{"line":56,"column":0},"end":{"line":56,"column":37}},"56":{"start":{"line":57,"column":0},"end":{"line":57,"column":41}},"57":{"start":{"line":58,"column":0},"end":{"line":58,"column":75}},"58":{"start":{"line":59,"column":0},"end":{"line":59,"column":5}},"60":{"start":{"line":61,"column":0},"end":{"line":61,"column":17}},"61":{"start":{"line":62,"column":0},"end":{"line":62,"column":3}},"69":{"start":{"line":70,"column":0},"end":{"line":70,"column":39}},"70":{"start":{"line":71,"column":0},"end":{"line":71,"column":48}},"72":{"start":{"line":73,"column":0},"end":{"line":73,"column":22}},"73":{"start":{"line":74,"column":0},"end":{"line":74,"column":3}},"74":{"start":{"line":75,"column":0},"end":{"line":75,"column":1}},"76":{"start":{"line":77,"column":0},"end":{"line":77,"column":23}}},"s":{"2":1,"3":1,"4":1,"5":1,"7":1,"8":1,"18":1,"19":1,"21":1,"22":0,"23":0,"25":1,"26":0,"27":0,"29":1,"30":0,"31":0,"40":1,"41":11,"43":11,"44":11,"45":11,"53":1,"54":1,"55":1,"56":1,"57":1,"58":1,"60":0,"61":1,"69":1,"70":1,"72":1,"73":1,"74":1,"76":1},"branchMap":{"0":{"type":"branch","line":41,"loc":{"start":{"line":41,"column":9},"end":{"line":46,"column":3}},"locations":[{"start":{"line":41,"column":9},"end":{"line":46,"column":3}}]},"1":{"type":"branch","line":42,"loc":{"start":{"line":42,"column":16},"end":{"line":42,"column":29}},"locations":[{"start":{"line":42,"column":16},"end":{"line":42,"column":29}}]},"2":{"type":"branch","line":54,"loc":{"start":{"line":54,"column":9},"end":{"line":62,"column":3}},"locations":[{"start":{"line":54,"column":9},"end":{"line":62,"column":3}}]},"3":{"type":"branch","line":59,"loc":{"start":{"line":59,"column":4},"end":{"line":61,"column":17}},"locations":[{"start":{"line":59,"column":4},"end":{"line":61,"column":17}}]},"4":{"type":"branch","line":70,"loc":{"start":{"line":70,"column":9},"end":{"line":74,"column":3}},"locations":[{"start":{"line":70,"column":9},"end":{"line":74,"column":3}}]}},"b":{"0":[11],"1":[0],"2":[1],"3":[0],"4":[1]},"fnMap":{"0":{"name":"Celular","decl":{"start":{"line":20,"column":2},"end":{"line":20,"column":39}},"loc":{"start":{"line":20,"column":2},"end":{"line":20,"column":39}},"line":20},"1":{"name":"isValid","decl":{"start":{"line":22,"column":2},"end":{"line":24,"column":3}},"loc":{"start":{"line":22,"column":2},"end":{"line":24,"column":3}},"line":22},"2":{"name":"format","decl":{"start":{"line":26,"column":2},"end":{"line":28,"column":3}},"loc":{"start":{"line":26,"column":2},"end":{"line":28,"column":3}},"line":26},"3":{"name":"parse","decl":{"start":{"line":30,"column":2},"end":{"line":32,"column":3}},"loc":{"start":{"line":30,"column":2},"end":{"line":32,"column":3}},"line":30},"4":{"name":"isValid","decl":{"start":{"line":41,"column":9},"end":{"line":46,"column":3}},"loc":{"start":{"line":41,"column":9},"end":{"line":46,"column":3}},"line":41},"5":{"name":"format","decl":{"start":{"line":54,"column":9},"end":{"line":62,"column":3}},"loc":{"start":{"line":54,"column":9},"end":{"line":62,"column":3}},"line":54},"6":{"name":"parse","decl":{"start":{"line":70,"column":9},"end":{"line":74,"column":3}},"loc":{"start":{"line":70,"column":9},"end":{"line":74,"column":3}},"line":70}},"f":{"0":0,"1":0,"2":0,"3":0,"4":11,"5":1,"6":1}}
,"/Users/terukimateus/Documents/br-docs-utils/src/cep.ts": {"path":"/Users/terukimateus/Documents/br-docs-utils/src/cep.ts","all":false,"statementMap":{"2":{"start":{"line":3,"column":0},"end":{"line":3,"column":38}},"3":{"start":{"line":4,"column":0},"end":{"line":4,"column":37}},"5":{"start":{"line":6,"column":0},"end":{"line":6,"column":22}},"6":{"start":{"line":7,"column":0},"end":{"line":7,"column":33}},"7":{"start":{"line":8,"column":0},"end":{"line":8,"column":3}},"9":{"start":{"line":10,"column":0},"end":{"line":10,"column":20}},"10":{"start":{"line":11,"column":0},"end":{"line":11,"column":32}},"11":{"start":{"line":12,"column":0},"end":{"line":12,"column":3}},"13":{"start":{"line":14,"column":0},"end":{"line":14,"column":19}},"14":{"start":{"line":15,"column":0},"end":{"line":15,"column":31}},"15":{"start":{"line":16,"column":0},"end":{"line":16,"column":3}},"24":{"start":{"line":25,"column":0},"end":{"line":25,"column":40}},"25":{"start":{"line":26,"column":0},"end":{"line":26,"column":27}},"27":{"start":{"line":28,"column":0},"end":{"line":28,"column":44}},"28":{"start":{"line":29,"column":0},"end":{"line":29,"column":49}},"29":{"start":{"line":30,"column":0},"end":{"line":30,"column":3}},"37":{"start":{"line":38,"column":0},"end":{"line":38,"column":38}},"38":{"start":{"line":39,"column":0},"end":{"line":39,"column":44}},"39":{"start":{"line":40,"column":0},"end":{"line":40,"column":32}},"40":{"start":{"line":41,"column":0},"end":{"line":41,"column":57}},"41":{"start":{"line":42,"column":0},"end":{"line":42,"column":5}},"42":{"start":{"line":43,"column":0},"end":{"line":43,"column":15}},"43":{"start":{"line":44,"column":0},"end":{"line":44,"column":3}},"51":{"start":{"line":52,"column":0},"end":{"line":52,"column":37}},"52":{"start":{"line":53,"column":0},"end":{"line":53,"column":34}},"53":{"start":{"line":54,"column":0},"end":{"line":54,"column":3}},"54":{"start":{"line":55,"column":0},"end":{"line":55,"column":1}},"56":{"start":{"line":57,"column":0},"end":{"line":57,"column":19}}},"s":{"2":1,"3":1,"5":1,"6":0,"7":0,"9":1,"10":0,"11":0,"13":1,"14":0,"15":0,"24":1,"25":4,"27":4,"28":4,"29":4,"37":1,"38":1,"39":1,"40":1,"41":1,"42":0,"43":1,"51":1,"52":1,"53":1,"54":1,"56":1},"branchMap":{"0":{"type":"branch","line":25,"loc":{"start":{"line":25,"column":9},"end":{"line":30,"column":3}},"locations":[{"start":{"line":25,"column":9},"end":{"line":30,"column":3}}]},"1":{"type":"branch","line":26,"loc":{"start":{"line":26,"column":14},"end":{"line":26,"column":27}},"locations":[{"start":{"line":26,"column":14},"end":{"line":26,"column":27}}]},"2":{"type":"branch","line":38,"loc":{"start":{"line":38,"column":9},"end":{"line":44,"column":3}},"locations":[{"start":{"line":38,"column":9},"end":{"line":44,"column":3}}]},"3":{"type":"branch","line":42,"loc":{"start":{"line":42,"column":4},"end":{"line":43,"column":15}},"locations":[{"start":{"line":42,"column":4},"end":{"line":43,"column":15}}]},"4":{"type":"branch","line":52,"loc":{"start":{"line":52,"column":9},"end":{"line":54,"column":3}},"locations":[{"start":{"line":52,"column":9},"end":{"line":54,"column":3}}]}},"b":{"0":[4],"1":[0],"2":[1],"3":[0],"4":[1]},"fnMap":{"0":{"name":"Cep","decl":{"start":{"line":4,"column":2},"end":{"line":4,"column":37}},"loc":{"start":{"line":4,"column":2},"end":{"line":4,"column":37}},"line":4},"1":{"name":"isValid","decl":{"start":{"line":6,"column":2},"end":{"line":8,"column":3}},"loc":{"start":{"line":6,"column":2},"end":{"line":8,"column":3}},"line":6},"2":{"name":"format","decl":{"start":{"line":10,"column":2},"end":{"line":12,"column":3}},"loc":{"start":{"line":10,"column":2},"end":{"line":12,"column":3}},"line":10},"3":{"name":"parse","decl":{"start":{"line":14,"column":2},"end":{"line":16,"column":3}},"loc":{"start":{"line":14,"column":2},"end":{"line":16,"column":3}},"line":14},"4":{"name":"isValid","decl":{"start":{"line":25,"column":9},"end":{"line":30,"column":3}},"loc":{"start":{"line":25,"column":9},"end":{"line":30,"column":3}},"line":25},"5":{"name":"format","decl":{"start":{"line":38,"column":9},"end":{"line":44,"column":3}},"loc":{"start":{"line":38,"column":9},"end":{"line":44,"column":3}},"line":38},"6":{"name":"parse","decl":{"start":{"line":52,"column":9},"end":{"line":54,"column":3}},"loc":{"start":{"line":52,"column":9},"end":{"line":54,"column":3}},"line":52}},"f":{"0":0,"1":0,"2":0,"3":0,"4":4,"5":1,"6":1}}
,"/Users/terukimateus/Documents/br-docs-utils/src/cnh.ts": {"path":"/Users/terukimateus/Documents/br-docs-utils/src/cnh.ts","all":false,"statementMap":{"7":{"start":{"line":8,"column":0},"end":{"line":8,"column":47}},"8":{"start":{"line":9,"column":0},"end":{"line":9,"column":22}},"9":{"start":{"line":10,"column":0},"end":{"line":10,"column":14}},"10":{"start":{"line":11,"column":0},"end":{"line":11,"column":79}},"11":{"start":{"line":12,"column":0},"end":{"line":12,"column":31}},"12":{"start":{"line":13,"column":0},"end":{"line":13,"column":44}},"13":{"start":{"line":14,"column":0},"end":{"line":14,"column":2}},"15":{"start":{"line":16,"column":0},"end":{"line":16,"column":38}},"16":{"start":{"line":17,"column":0},"end":{"line":17,"column":37}},"18":{"start":{"line":19,"column":0},"end":{"line":19,"column":22}},"19":{"start":{"line":20,"column":0},"end":{"line":20,"column":33}},"20":{"start":{"line":21,"column":0},"end":{"line":21,"column":3}},"22":{"start":{"line":23,"column":0},"end":{"line":23,"column":20}},"23":{"start":{"line":24,"column":0},"end":{"line":24,"column":32}},"24":{"start":{"line":25,"column":0},"end":{"line":25,"column":3}},"26":{"start":{"line":27,"column":0},"end":{"line":27,"column":19}},"27":{"start":{"line":28,"column":0},"end":{"line":28,"column":31}},"28":{"start":{"line":29,"column":0},"end":{"line":29,"column":3}},"36":{"start":{"line":37,"column":0},"end":{"line":37,"column":40}},"37":{"start":{"line":38,"column":0},"end":{"line":38,"column":27}},"39":{"start":{"line":40,"column":0},"end":{"line":40,"column":44}},"41":{"start":{"line":42,"column":0},"end":{"line":42,"column":55}},"42":{"start":{"line":43,"column":0},"end":{"line":43,"column":57}},"44":{"start":{"line":45,"column":0},"end":{"line":45,"column":12}},"45":{"start":{"line":46,"column":0},"end":{"line":46,"column":31}},"46":{"start":{"line":47,"column":0},"end":{"line":47,"column":46}},"47":{"start":{"line":48,"column":0},"end":{"line":48,"column":45}},"49":{"start":{"line":50,"column":0},"end":{"line":50,"column":3}},"57":{"start":{"line":58,"column":0},"end":{"line":58,"column":38}},"58":{"start":{"line":59,"column":0},"end":{"line":59,"column":44}},"59":{"start":{"line":60,"column":0},"end":{"line":60,"column":33}},"60":{"start":{"line":61,"column":0},"end":{"line":61,"column":77}},"61":{"start":{"line":62,"column":0},"end":{"line":62,"column":5}},"62":{"start":{"line":63,"column":0},"end":{"line":63,"column":15}},"63":{"start":{"line":64,"column":0},"end":{"line":64,"column":3}},"71":{"start":{"line":72,"column":0},"end":{"line":72,"column":37}},"72":{"start":{"line":73,"column":0},"end":{"line":73,"column":34}},"73":{"start":{"line":74,"column":0},"end":{"line":74,"column":3}},"74":{"start":{"line":75,"column":0},"end":{"line":75,"column":1}},"76":{"start":{"line":77,"column":0},"end":{"line":77,"column":19}}},"s":{"7":1,"8":8,"9":8,"10":8,"11":8,"12":8,"13":8,"15":1,"16":1,"18":1,"19":0,"20":0,"22":1,"23":0,"24":0,"26":1,"27":0,"28":0,"36":1,"37":4,"39":4,"41":4,"42":4,"44":4,"45":4,"46":2,"47":2,"49":4,"57":1,"58":1,"59":1,"60":1,"61":1,"62":0,"63":1,"71":1,"72":1,"73":1,"74":1,"76":1},"branchMap":{"0":{"type":"branch","line":8,"loc":{"start":{"line":8,"column":18},"end":{"line":14,"column":2}},"locations":[{"start":{"line":8,"column":18},"end":{"line":14,"column":2}}]},"1":{"type":"branch","line":13,"loc":{"start":{"line":13,"column":25},"end":{"line":13,"column":44}},"locations":[{"start":{"line":13,"column":25},"end":{"line":13,"column":44}}]},"2":{"type":"branch","line":11,"loc":{"start":{"line":11,"column":12},"end":{"line":11,"column":76}},"locations":[{"start":{"line":11,"column":12},"end":{"line":11,"column":76}}]},"3":{"type":"branch","line":37,"loc":{"start":{"line":37,"column":9},"end":{"line":50,"column":3}},"locations":[{"start":{"line":37,"column":9},"end":{"line":50,"column":3}}]},"4":{"type":"branch","line":38,"loc":{"start":{"line":38,"column":14},"end":{"line":38,"column":27}},"locations":[{"start":{"line":38,"column":14},"end":{"line":38,"column":27}}]},"5":{"type":"branch","line":46,"loc":{"start":{"line":46,"column":26},"end":{"line":47,"column":46}},"locations":[{"start":{"line":46,"column":26},"end":{"line":47,"column":46}}]},"6":{"type":"branch","line":47,"loc":{"start":{"line":47,"column":42},"end":{"line":48,"column":45}},"locations":[{"start":{"line":47,"column":42},"end":{"line":48,"column":45}}]},"7":{"type":"branch","line":58,"loc":{"start":{"line":58,"column":9},"end":{"line":64,"column":3}},"locations":[{"start":{"line":58,"column":9},"end":{"line":64,"column":3}}]},"8":{"type":"branch","line":62,"loc":{"start":{"line":62,"column":4},"end":{"line":63,"column":15}},"locations":[{"start":{"line":62,"column":4},"end":{"line":63,"column":15}}]},"9":{"type":"branch","line":72,"loc":{"start":{"line":72,"column":9},"end":{"line":74,"column":3}},"locations":[{"start":{"line":72,"column":9},"end":{"line":74,"column":3}}]}},"b":{"0":[8],"1":[0],"2":[57],"3":[4],"4":[0],"5":[2],"6":[2],"7":[1],"8":[0],"9":[1]},"fnMap":{"0":{"name":"calcDigit","decl":{"start":{"line":8,"column":18},"end":{"line":14,"column":2}},"loc":{"start":{"line":8,"column":18},"end":{"line":14,"column":2}},"line":8},"1":{"name":"Cnh","decl":{"start":{"line":17,"column":2},"end":{"line":17,"column":37}},"loc":{"start":{"line":17,"column":2},"end":{"line":17,"column":37}},"line":17},"2":{"name":"isValid","decl":{"start":{"line":19,"column":2},"end":{"line":21,"column":3}},"loc":{"start":{"line":19,"column":2},"end":{"line":21,"column":3}},"line":19},"3":{"name":"format","decl":{"start":{"line":23,"column":2},"end":{"line":25,"column":3}},"loc":{"start":{"line":23,"column":2},"end":{"line":25,"column":3}},"line":23},"4":{"name":"parse","decl":{"start":{"line":27,"column":2},"end":{"line":29,"column":3}},"loc":{"start":{"line":27,"column":2},"end":{"line":29,"column":3}},"line":27},"5":{"name":"isValid","decl":{"start":{"line":37,"column":9},"end":{"line":50,"column":3}},"loc":{"start":{"line":37,"column":9},"end":{"line":50,"column":3}},"line":37},"6":{"name":"format","decl":{"start":{"line":58,"column":9},"end":{"line":64,"column":3}},"loc":{"start":{"line":58,"column":9},"end":{"line":64,"column":3}},"line":58},"7":{"name":"parse","decl":{"start":{"line":72,"column":9},"end":{"line":74,"column":3}},"loc":{"start":{"line":72,"column":9},"end":{"line":74,"column":3}},"line":72}},"f":{"0":8,"1":0,"2":0,"3":0,"4":0,"5":4,"6":1,"7":1}}
,"/Users/terukimateus/Documents/br-docs-utils/src/cnpj.ts": {"path":"/Users/terukimateus/Documents/br-docs-utils/src/cnpj.ts","all":false,"statementMap":{"2":{"start":{"line":3,"column":0},"end":{"line":3,"column":43}},"3":{"start":{"line":4,"column":0},"end":{"line":4,"column":43}},"4":{"start":{"line":5,"column":0},"end":{"line":5,"column":46}},"5":{"start":{"line":6,"column":0},"end":{"line":6,"column":2}},"12":{"start":{"line":13,"column":0},"end":{"line":13,"column":60}},"13":{"start":{"line":14,"column":0},"end":{"line":14,"column":36}},"15":{"start":{"line":16,"column":0},"end":{"line":16,"column":20}},"16":{"start":{"line":17,"column":0},"end":{"line":17,"column":14}},"17":{"start":{"line":18,"column":0},"end":{"line":18,"column":69}},"18":{"start":{"line":19,"column":0},"end":{"line":19,"column":42}},"20":{"start":{"line":21,"column":0},"end":{"line":21,"column":29}},"21":{"start":{"line":22,"column":0},"end":{"line":22,"column":44}},"22":{"start":{"line":23,"column":0},"end":{"line":23,"column":2}},"24":{"start":{"line":25,"column":0},"end":{"line":25,"column":40}},"25":{"start":{"line":26,"column":0},"end":{"line":26,"column":38}},"27":{"start":{"line":28,"column":0},"end":{"line":28,"column":22}},"28":{"start":{"line":29,"column":0},"end":{"line":29,"column":35}},"29":{"start":{"line":30,"column":0},"end":{"line":30,"column":3}},"31":{"start":{"line":32,"column":0},"end":{"line":32,"column":20}},"32":{"start":{"line":33,"column":0},"end":{"line":33,"column":34}},"33":{"start":{"line":34,"column":0},"end":{"line":34,"column":3}},"35":{"start":{"line":36,"column":0},"end":{"line":36,"column":19}},"36":{"start":{"line":37,"column":0},"end":{"line":37,"column":33}},"37":{"start":{"line":38,"column":0},"end":{"line":38,"column":3}},"45":{"start":{"line":46,"column":0},"end":{"line":46,"column":41}},"46":{"start":{"line":47,"column":0},"end":{"line":47,"column":28}},"48":{"start":{"line":49,"column":0},"end":{"line":49,"column":46}},"49":{"start":{"line":50,"column":0},"end":{"line":50,"column":46}},"50":{"start":{"line":51,"column":0},"end":{"line":51,"column":50}},"52":{"start":{"line":53,"column":0},"end":{"line":53,"column":48}},"53":{"start":{"line":54,"column":0},"end":{"line":54,"column":51}},"54":{"start":{"line":55,"column":0},"end":{"line":55,"column":65}},"56":{"start":{"line":57,"column":0},"end":{"line":57,"column":12}},"57":{"start":{"line":58,"column":0},"end":{"line":58,"column":19}},"58":{"start":{"line":59,"column":0},"end":{"line":59,"column":67}},"60":{"start":{"line":61,"column":0},"end":{"line":61,"column":3}},"68":{"start":{"line":69,"column":0},"end":{"line":69,"column":39}},"69":{"start":{"line":70,"column":0},"end":{"line":70,"column":46}},"70":{"start":{"line":71,"column":0},"end":{"line":71,"column":45}},"71":{"start":{"line":72,"column":0},"end":{"line":72,"column":29}},"72":{"start":{"line":73,"column":0},"end":{"line":73,"column":44}},"73":{"start":{"line":74,"column":0},"end":{"line":74,"column":22}},"74":{"start":{"line":75,"column":0},"end":{"line":75,"column":6}},"75":{"start":{"line":76,"column":0},"end":{"line":76,"column":3}},"83":{"start":{"line":84,"column":0},"end":{"line":84,"column":38}},"84":{"start":{"line":85,"column":0},"end":{"line":85,"column":46}},"85":{"start":{"line":86,"column":0},"end":{"line":86,"column":45}},"86":{"start":{"line":87,"column":0},"end":{"line":87,"column":21}},"87":{"start":{"line":88,"column":0},"end":{"line":88,"column":3}},"88":{"start":{"line":89,"column":0},"end":{"line":89,"column":1}},"90":{"start":{"line":91,"column":0},"end":{"line":91,"column":20}}},"s":{"2":1,"3":1,"4":1,"5":1,"12":1,"13":8,"15":8,"16":8,"17":8,"18":8,"20":8,"21":8,"22":8,"24":1,"25":1,"27":1,"28":0,"29":0,"31":1,"32":0,"33":0,"35":1,"36":0,"37":0,"45":1,"46":8,"48":8,"49":8,"50":8,"52":4,"53":4,"54":4,"56":4,"57":4,"58":4,"60":8,"68":1,"69":1,"70":1,"71":1,"72":1,"73":1,"74":1,"75":1,"83":1,"84":1,"85":1,"86":1,"87":1,"88":1,"90":1},"branchMap":{"0":{"type":"branch","line":13,"loc":{"start":{"line":13,"column":18},"end":{"line":23,"column":2}},"locations":[{"start":{"line":13,"column":18},"end":{"line":23,"column":2}}]},"1":{"type":"branch","line":22,"loc":{"start":{"line":22,"column":21},"end":{"line":22,"column":29}},"locations":[{"start":{"line":22,"column":21},"end":{"line":22,"column":29}}]},"2":{"type":"branch","line":22,"loc":{"start":{"line":22,"column":25},"end":{"line":22,"column":44}},"locations":[{"start":{"line":22,"column":25},"end":{"line":22,"column":44}}]},"3":{"type":"branch","line":18,"loc":{"start":{"line":18,"column":9},"end":{"line":18,"column":68}},"locations":[{"start":{"line":18,"column":9},"end":{"line":18,"column":68}}]},"4":{"type":"branch","line":19,"loc":{"start":{"line":19,"column":12},"end":{"line":19,"column":39}},"locations":[{"start":{"line":19,"column":12},"end":{"line":19,"column":39}}]},"5":{"type":"branch","line":46,"loc":{"start":{"line":46,"column":9},"end":{"line":61,"column":3}},"locations":[{"start":{"line":46,"column":9},"end":{"line":61,"column":3}}]},"6":{"type":"branch","line":47,"loc":{"start":{"line":47,"column":15},"end":{"line":47,"column":28}},"locations":[{"start":{"line":47,"column":15},"end":{"line":47,"column":28}}]},"7":{"type":"branch","line":50,"loc":{"start":{"line":50,"column":33},"end":{"line":50,"column":46}},"locations":[{"start":{"line":50,"column":33},"end":{"line":50,"column":46}}]},"8":{"type":"branch","line":50,"loc":{"start":{"line":50,"column":40},"end":{"line":51,"column":44}},"locations":[{"start":{"line":50,"column":40},"end":{"line":51,"column":44}}]},"9":{"type":"branch","line":51,"loc":{"start":{"line":51,"column":37},"end":{"line":51,"column":50}},"locations":[{"start":{"line":51,"column":37},"end":{"line":51,"column":50}}]},"10":{"type":"branch","line":51,"loc":{"start":{"line":51,"column":44},"end":{"line":59,"column":67}},"locations":[{"start":{"line":51,"column":44},"end":{"line":59,"column":67}}]},"11":{"type":"branch","line":69,"loc":{"start":{"line":69,"column":9},"end":{"line":76,"column":3}},"locations":[{"start":{"line":69,"column":9},"end":{"line":76,"column":3}}]},"12":{"type":"branch","line":71,"loc":{"start":{"line":71,"column":33},"end":{"line":71,"column":45}},"locations":[{"start":{"line":71,"column":33},"end":{"line":71,"column":45}}]},"13":{"type":"branch","line":84,"loc":{"start":{"line":84,"column":9},"end":{"line":88,"column":3}},"locations":[{"start":{"line":84,"column":9},"end":{"line":88,"column":3}}]},"14":{"type":"branch","line":86,"loc":{"start":{"line":86,"column":33},"end":{"line":86,"column":45}},"locations":[{"start":{"line":86,"column":33},"end":{"line":86,"column":45}}]}},"b":{"0":[8],"1":[1],"2":[7],"3":[100],"4":[100],"5":[8],"6":[0],"7":[3],"8":[5],"9":[1],"10":[4],"11":[1],"12":[0],"13":[1],"14":[0]},"fnMap":{"0":{"name":"calcDigit","decl":{"start":{"line":13,"column":18},"end":{"line":23,"column":2}},"loc":{"start":{"line":13,"column":18},"end":{"line":23,"column":2}},"line":13},"1":{"name":"Cnpj","decl":{"start":{"line":26,"column":2},"end":{"line":26,"column":38}},"loc":{"start":{"line":26,"column":2},"end":{"line":26,"column":38}},"line":26},"2":{"name":"isValid","decl":{"start":{"line":28,"column":2},"end":{"line":30,"column":3}},"loc":{"start":{"line":28,"column":2},"end":{"line":30,"column":3}},"line":28},"3":{"name":"format","decl":{"start":{"line":32,"column":2},"end":{"line":34,"column":3}},"loc":{"start":{"line":32,"column":2},"end":{"line":34,"column":3}},"line":32},"4":{"name":"parse","decl":{"start":{"line":36,"column":2},"end":{"line":38,"column":3}},"loc":{"start":{"line":36,"column":2},"end":{"line":38,"column":3}},"line":36},"5":{"name":"isValid","decl":{"start":{"line":46,"column":9},"end":{"line":61,"column":3}},"loc":{"start":{"line":46,"column":9},"end":{"line":61,"column":3}},"line":46},"6":{"name":"format","decl":{"start":{"line":69,"column":9},"end":{"line":76,"column":3}},"loc":{"start":{"line":69,"column":9},"end":{"line":76,"column":3}},"line":69},"7":{"name":"parse","decl":{"start":{"line":84,"column":9},"end":{"line":88,"column":3}},"loc":{"start":{"line":84,"column":9},"end":{"line":88,"column":3}},"line":84}},"f":{"0":8,"1":0,"2":0,"3":0,"4":0,"5":8,"6":1,"7":1}}
,"/Users/terukimateus/Documents/br-docs-utils/src/cpf.ts": {"path":"/Users/terukimateus/Documents/br-docs-utils/src/cpf.ts","all":false,"statementMap":{"2":{"start":{"line":3,"column":0},"end":{"line":3,"column":23}},"3":{"start":{"line":4,"column":0},"end":{"line":4,"column":16}},"4":{"start":{"line":5,"column":0},"end":{"line":5,"column":16}},"5":{"start":{"line":6,"column":0},"end":{"line":6,"column":16}},"6":{"start":{"line":7,"column":0},"end":{"line":7,"column":16}},"7":{"start":{"line":8,"column":0},"end":{"line":8,"column":16}},"8":{"start":{"line":9,"column":0},"end":{"line":9,"column":16}},"9":{"start":{"line":10,"column":0},"end":{"line":10,"column":16}},"10":{"start":{"line":11,"column":0},"end":{"line":11,"column":16}},"11":{"start":{"line":12,"column":0},"end":{"line":12,"column":16}},"12":{"start":{"line":13,"column":0},"end":{"line":13,"column":16}},"13":{"start":{"line":14,"column":0},"end":{"line":14,"column":2}},"15":{"start":{"line":16,"column":0},"end":{"line":16,"column":45}},"16":{"start":{"line":17,"column":0},"end":{"line":17,"column":35}},"17":{"start":{"line":18,"column":0},"end":{"line":18,"column":39}},"18":{"start":{"line":19,"column":0},"end":{"line":19,"column":2}},"24":{"start":{"line":25,"column":0},"end":{"line":25,"column":65}},"25":{"start":{"line":26,"column":0},"end":{"line":26,"column":37}},"27":{"start":{"line":28,"column":0},"end":{"line":28,"column":20}},"28":{"start":{"line":29,"column":0},"end":{"line":29,"column":14}},"29":{"start":{"line":30,"column":0},"end":{"line":30,"column":63}},"30":{"start":{"line":31,"column":0},"end":{"line":31,"column":42}},"32":{"start":{"line":33,"column":0},"end":{"line":33,"column":36}},"33":{"start":{"line":34,"column":0},"end":{"line":34,"column":42}},"34":{"start":{"line":35,"column":0},"end":{"line":35,"column":2}},"36":{"start":{"line":37,"column":0},"end":{"line":37,"column":38}},"37":{"start":{"line":38,"column":0},"end":{"line":38,"column":37}},"39":{"start":{"line":40,"column":0},"end":{"line":40,"column":22}},"40":{"start":{"line":41,"column":0},"end":{"line":41,"column":33}},"41":{"start":{"line":42,"column":0},"end":{"line":42,"column":3}},"43":{"start":{"line":44,"column":0},"end":{"line":44,"column":20}},"44":{"start":{"line":45,"column":0},"end":{"line":45,"column":32}},"45":{"start":{"line":46,"column":0},"end":{"line":46,"column":3}},"47":{"start":{"line":48,"column":0},"end":{"line":48,"column":19}},"48":{"start":{"line":49,"column":0},"end":{"line":49,"column":31}},"49":{"start":{"line":50,"column":0},"end":{"line":50,"column":3}},"57":{"start":{"line":58,"column":0},"end":{"line":58,"column":40}},"58":{"start":{"line":59,"column":0},"end":{"line":59,"column":27}},"60":{"start":{"line":61,"column":0},"end":{"line":61,"column":44}},"62":{"start":{"line":63,"column":0},"end":{"line":63,"column":45}},"64":{"start":{"line":65,"column":0},"end":{"line":65,"column":50}},"66":{"start":{"line":67,"column":0},"end":{"line":67,"column":61}},"67":{"start":{"line":68,"column":0},"end":{"line":68,"column":63}},"69":{"start":{"line":70,"column":0},"end":{"line":70,"column":63}},"70":{"start":{"line":71,"column":0},"end":{"line":71,"column":65}},"72":{"start":{"line":73,"column":0},"end":{"line":73,"column":16}},"73":{"start":{"line":74,"column":0},"end":{"line":74,"column":3}},"81":{"start":{"line":82,"column":0},"end":{"line":82,"column":38}},"82":{"start":{"line":83,"column":0},"end":{"line":83,"column":44}},"83":{"start":{"line":84,"column":0},"end":{"line":84,"column":43}},"84":{"start":{"line":85,"column":0},"end":{"line":85,"column":75}},"85":{"start":{"line":86,"column":0},"end":{"line":86,"column":3}},"93":{"start":{"line":94,"column":0},"end":{"line":94,"column":37}},"94":{"start":{"line":95,"column":0},"end":{"line":95,"column":44}},"95":{"start":{"line":96,"column":0},"end":{"line":96,"column":43}},"96":{"start":{"line":97,"column":0},"end":{"line":97,"column":20}},"97":{"start":{"line":98,"column":0},"end":{"line":98,"column":3}},"98":{"start":{"line":99,"column":0},"end":{"line":99,"column":1}},"100":{"start":{"line":101,"column":0},"end":{"line":101,"column":19}}},"s":{"2":1,"3":1,"4":1,"5":1,"6":1,"7":1,"8":1,"9":1,"10":1,"11":1,"12":1,"13":1,"15":1,"16":1,"17":1,"18":1,"24":1,"25":7,"27":7,"28":7,"29":7,"30":7,"32":7,"33":7,"34":7,"36":1,"37":1,"39":1,"40":0,"41":0,"43":1,"44":0,"45":0,"47":1,"48":0,"49":0,"57":1,"58":18,"60":18,"62":18,"64":18,"66":4,"67":18,"69":3,"70":18,"72":2,"73":18,"81":1,"82":1,"83":1,"84":1,"85":1,"93":1,"94":1,"95":1,"96":1,"97":1,"98":1,"100":1},"branchMap":{"0":{"type":"branch","line":25,"loc":{"start":{"line":25,"column":18},"end":{"line":35,"column":2}},"locations":[{"start":{"line":25,"column":18},"end":{"line":35,"column":2}}]},"1":{"type":"branch","line":34,"loc":{"start":{"line":34,"column":23},"end":{"line":34,"column":32}},"locations":[{"start":{"line":34,"column":23},"end":{"line":34,"column":32}}]},"2":{"type":"branch","line":34,"loc":{"start":{"line":34,"column":28},"end":{"line":34,"column":42}},"locations":[{"start":{"line":34,"column":28},"end":{"line":34,"column":42}}]},"3":{"type":"branch","line":30,"loc":{"start":{"line":30,"column":9},"end":{"line":30,"column":62}},"locations":[{"start":{"line":30,"column":9},"end":{"line":30,"column":62}}]},"4":{"type":"branch","line":31,"loc":{"start":{"line":31,"column":12},"end":{"line":31,"column":39}},"locations":[{"start":{"line":31,"column":12},"end":{"line":31,"column":39}}]},"5":{"type":"branch","line":58,"loc":{"start":{"line":58,"column":9},"end":{"line":74,"column":3}},"locations":[{"start":{"line":58,"column":9},"end":{"line":74,"column":3}}]},"6":{"type":"branch","line":59,"loc":{"start":{"line":59,"column":14},"end":{"line":59,"column":27}},"locations":[{"start":{"line":59,"column":14},"end":{"line":59,"column":27}}]},"7":{"type":"branch","line":63,"loc":{"start":{"line":63,"column":32},"end":{"line":63,"column":45}},"locations":[{"start":{"line":63,"column":32},"end":{"line":63,"column":45}}]},"8":{"type":"branch","line":63,"loc":{"start":{"line":63,"column":39},"end":{"line":65,"column":44}},"locations":[{"start":{"line":63,"column":39},"end":{"line":65,"column":44}}]},"9":{"type":"branch","line":65,"loc":{"start":{"line":65,"column":37},"end":{"line":65,"column":50}},"locations":[{"start":{"line":65,"column":37},"end":{"line":65,"column":50}}]},"10":{"type":"branch","line":65,"loc":{"start":{"line":65,"column":44},"end":{"line":68,"column":57}},"locations":[{"start":{"line":65,"column":44},"end":{"line":68,"column":57}}]},"11":{"type":"branch","line":68,"loc":{"start":{"line":68,"column":50},"end":{"line":71,"column":59}},"locations":[{"start":{"line":68,"column":50},"end":{"line":71,"column":59}}]},"12":{"type":"branch","line":68,"loc":{"start":{"line":68,"column":50},"end":{"line":68,"column":63}},"locations":[{"start":{"line":68,"column":50},"end":{"line":68,"column":63}}]},"13":{"type":"branch","line":68,"loc":{"start":{"line":68,"column":57},"end":{"line":71,"column":59}},"locations":[{"start":{"line":68,"column":57},"end":{"line":71,"column":59}}]},"14":{"type":"branch","line":71,"loc":{"start":{"line":71,"column":52},"end":{"line":73,"column":16}},"locations":[{"start":{"line":71,"column":52},"end":{"line":73,"column":16}}]},"15":{"type":"branch","line":71,"loc":{"start":{"line":71,"column":52},"end":{"line":71,"column":65}},"locations":[{"start":{"line":71,"column":52},"end":{"line":71,"column":65}}]},"16":{"type":"branch","line":71,"loc":{"start":{"line":71,"column":59},"end":{"line":73,"column":16}},"locations":[{"start":{"line":71,"column":59},"end":{"line":73,"column":16}}]},"17":{"type":"branch","line":82,"loc":{"start":{"line":82,"column":9},"end":{"line":86,"column":3}},"locations":[{"start":{"line":82,"column":9},"end":{"line":86,"column":3}}]},"18":{"type":"branch","line":84,"loc":{"start":{"line":84,"column":32},"end":{"line":84,"column":43}},"locations":[{"start":{"line":84,"column":32},"end":{"line":84,"column":43}}]},"19":{"type":"branch","line":94,"loc":{"start":{"line":94,"column":9},"end":{"line":98,"column":3}},"locations":[{"start":{"line":94,"column":9},"end":{"line":98,"column":3}}]},"20":{"type":"branch","line":96,"loc":{"start":{"line":96,"column":32},"end":{"line":96,"column":43}},"locations":[{"start":{"line":96,"column":32},"end":{"line":96,"column":43}}]}},"b":{"0":[7],"1":[3],"2":[4],"3":[66],"4":[66],"5":[18],"6":[0],"7":[4],"8":[14],"9":[10],"10":[4],"11":[13],"12":[1],"13":[3],"14":[7],"15":[1],"16":[2],"17":[1],"18":[0],"19":[1],"20":[0]},"fnMap":{"0":{"name":"calcDigit","decl":{"start":{"line":25,"column":18},"end":{"line":35,"column":2}},"loc":{"start":{"line":25,"column":18},"end":{"line":35,"column":2}},"line":25},"1":{"name":"Cpf","decl":{"start":{"line":38,"column":2},"end":{"line":38,"column":37}},"loc":{"start":{"line":38,"column":2},"end":{"line":38,"column":37}},"line":38},"2":{"name":"isValid","decl":{"start":{"line":40,"column":2},"end":{"line":42,"column":3}},"loc":{"start":{"line":40,"column":2},"end":{"line":42,"column":3}},"line":40},"3":{"name":"format","decl":{"start":{"line":44,"column":2},"end":{"line":46,"column":3}},"loc":{"start":{"line":44,"column":2},"end":{"line":46,"column":3}},"line":44},"4":{"name":"parse","decl":{"start":{"line":48,"column":2},"end":{"line":50,"column":3}},"loc":{"start":{"line":48,"column":2},"end":{"line":50,"column":3}},"line":48},"5":{"name":"isValid","decl":{"start":{"line":58,"column":9},"end":{"line":74,"column":3}},"loc":{"start":{"line":58,"column":9},"end":{"line":74,"column":3}},"line":58},"6":{"name":"format","decl":{"start":{"line":82,"column":9},"end":{"line":86,"column":3}},"loc":{"start":{"line":82,"column":9},"end":{"line":86,"column":3}},"line":82},"7":{"name":"parse","decl":{"start":{"line":94,"column":9},"end":{"line":98,"column":3}},"loc":{"start":{"line":94,"column":9},"end":{"line":98,"column":3}},"line":94}},"f":{"0":7,"1":0,"2":0,"3":0,"4":0,"5":18,"6":1,"7":1}}
,"/Users/terukimateus/Documents/br-docs-utils/src/email.ts": {"path":"/Users/terukimateus/Documents/br-docs-utils/src/email.ts","all":false,"statementMap":{"2":{"start":{"line":3,"column":0},"end":{"line":3,"column":68}},"3":{"start":{"line":4,"column":0},"end":{"line":4,"column":39}},"5":{"start":{"line":6,"column":0},"end":{"line":6,"column":22}},"6":{"start":{"line":7,"column":0},"end":{"line":7,"column":37}},"7":{"start":{"line":8,"column":0},"end":{"line":8,"column":3}},"14":{"start":{"line":15,"column":0},"end":{"line":15,"column":42}},"15":{"start":{"line":16,"column":0},"end":{"line":16,"column":29}},"16":{"start":{"line":17,"column":0},"end":{"line":17,"column":74}},"17":{"start":{"line":18,"column":0},"end":{"line":18,"column":34}},"18":{"start":{"line":19,"column":0},"end":{"line":19,"column":3}},"19":{"start":{"line":20,"column":0},"end":{"line":20,"column":1}},"21":{"start":{"line":22,"column":0},"end":{"line":22,"column":21}}},"s":{"2":1,"3":1,"5":1,"6":0,"7":0,"14":1,"15":4,"16":4,"17":4,"18":4,"19":1,"21":1},"branchMap":{"0":{"type":"branch","line":15,"loc":{"start":{"line":15,"column":9},"end":{"line":19,"column":3}},"locations":[{"start":{"line":15,"column":9},"end":{"line":19,"column":3}}]},"1":{"type":"branch","line":16,"loc":{"start":{"line":16,"column":16},"end":{"line":16,"column":29}},"locations":[{"start":{"line":16,"column":16},"end":{"line":16,"column":29}}]}},"b":{"0":[4],"1":[0]},"fnMap":{"0":{"name":"Email","decl":{"start":{"line":4,"column":2},"end":{"line":4,"column":39}},"loc":{"start":{"line":4,"column":2},"end":{"line":4,"column":39}},"line":4},"1":{"name":"isValid","decl":{"start":{"line":6,"column":2},"end":{"line":8,"column":3}},"loc":{"start":{"line":6,"column":2},"end":{"line":8,"column":3}},"line":6},"2":{"name":"isValid","decl":{"start":{"line":15,"column":9},"end":{"line":19,"column":3}},"loc":{"start":{"line":15,"column":9},"end":{"line":19,"column":3}},"line":15}},"f":{"0":0,"1":0,"2":4}}
,"/Users/terukimateus/Documents/br-docs-utils/src/index.ts": {"path":"/Users/terukimateus/Documents/br-docs-utils/src/index.ts","all":true,"statementMap":{"26":{"start":{"line":27,"column":0},"end":{"line":27,"column":24}},"27":{"start":{"line":28,"column":0},"end":{"line":28,"column":30}},"28":{"start":{"line":29,"column":0},"end":{"line":29,"column":24}},"29":{"start":{"line":30,"column":0},"end":{"line":30,"column":24}},"30":{"start":{"line":31,"column":0},"end":{"line":31,"column":26}},"31":{"start":{"line":32,"column":0},"end":{"line":32,"column":28}},"32":{"start":{"line":33,"column":0},"end":{"line":33,"column":24}},"33":{"start":{"line":34,"column":0},"end":{"line":34,"column":34}},"34":{"start":{"line":35,"column":0},"end":{"line":35,"column":26}}},"s":{"26":0,"27":0,"28":0,"29":0,"30":0,"31":0,"32":0,"33":0,"34":0},"branchMap":{"0":{"type":"branch","line":1,"loc":{"start":{"line":1,"column":932},"end":{"line":37,"column":66}},"locations":[{"start":{"line":1,"column":932},"end":{"line":37,"column":66}}]}},"b":{"0":[1]},"fnMap":{"0":{"name":"(empty-report)","decl":{"start":{"line":1,"column":932},"end":{"line":37,"column":66}},"loc":{"start":{"line":1,"column":932},"end":{"line":37,"column":66}},"line":1}},"f":{"0":1}}
,"/Users/terukimateus/Documents/br-docs-utils/src/pix.ts": {"path":"/Users/terukimateus/Documents/br-docs-utils/src/pix.ts","all":false,"statementMap":{"1":{"start":{"line":2,"column":0},"end":{"line":2,"column":32}},"2":{"start":{"line":3,"column":0},"end":{"line":3,"column":24}},"3":{"start":{"line":4,"column":0},"end":{"line":4,"column":28}},"4":{"start":{"line":5,"column":0},"end":{"line":5,"column":26}},"5":{"start":{"line":6,"column":0},"end":{"line":6,"column":26}},"9":{"start":{"line":10,"column":0},"end":{"line":10,"column":67}},"10":{"start":{"line":11,"column":0},"end":{"line":11,"column":40}},"11":{"start":{"line":12,"column":0},"end":{"line":12,"column":32}},"12":{"start":{"line":13,"column":0},"end":{"line":13,"column":22}},"13":{"start":{"line":14,"column":0},"end":{"line":14,"column":34}},"14":{"start":{"line":15,"column":0},"end":{"line":15,"column":2}},"16":{"start":{"line":17,"column":0},"end":{"line":17,"column":53}},"17":{"start":{"line":18,"column":0},"end":{"line":18,"column":37}},"19":{"start":{"line":20,"column":0},"end":{"line":20,"column":22}},"20":{"start":{"line":21,"column":0},"end":{"line":21,"column":33}},"21":{"start":{"line":22,"column":0},"end":{"line":22,"column":3}},"23":{"start":{"line":24,"column":0},"end":{"line":24,"column":20}},"24":{"start":{"line":25,"column":0},"end":{"line":25,"column":40}},"25":{"start":{"line":26,"column":0},"end":{"line":26,"column":3}},"32":{"start":{"line":33,"column":0},"end":{"line":33,"column":40}},"33":{"start":{"line":34,"column":0},"end":{"line":34,"column":27}},"35":{"start":{"line":36,"column":0},"end":{"line":36,"column":12}},"36":{"start":{"line":37,"column":0},"end":{"line":37,"column":25}},"37":{"start":{"line":38,"column":0},"end":{"line":38,"column":29}},"38":{"start":{"line":39,"column":0},"end":{"line":39,"column":26}},"39":{"start":{"line":40,"column":0},"end":{"line":40,"column":26}},"40":{"start":{"line":41,"column":0},"end":{"line":41,"column":24}},"42":{"start":{"line":43,"column":0},"end":{"line":43,"column":3}},"50":{"start":{"line":51,"column":0},"end":{"line":51,"column":54}},"51":{"start":{"line":52,"column":0},"end":{"line":52,"column":37}},"52":{"start":{"line":53,"column":0},"end":{"line":53,"column":3}},"53":{"start":{"line":54,"column":0},"end":{"line":54,"column":1}},"55":{"start":{"line":56,"column":0},"end":{"line":56,"column":19}}},"s":{"1":1,"2":1,"3":1,"4":1,"5":1,"9":1,"10":1,"11":1,"12":1,"13":1,"14":1,"16":1,"17":1,"19":1,"20":0,"21":0,"23":1,"24":0,"25":0,"32":1,"33":6,"35":6,"36":6,"37":5,"38":4,"39":3,"40":2,"42":6,"50":1,"51":1,"52":1,"53":1,"55":1},"branchMap":{"0":{"type":"branch","line":14,"loc":{"start":{"line":14,"column":8},"end":{"line":14,"column":34}},"locations":[{"start":{"line":14,"column":8},"end":{"line":14,"column":34}}]},"1":{"type":"branch","line":33,"loc":{"start":{"line":33,"column":9},"end":{"line":43,"column":3}},"locations":[{"start":{"line":33,"column":9},"end":{"line":43,"column":3}}]},"2":{"type":"branch","line":34,"loc":{"start":{"line":34,"column":14},"end":{"line":34,"column":27}},"locations":[{"start":{"line":34,"column":14},"end":{"line":34,"column":27}}]},"3":{"type":"branch","line":37,"loc":{"start":{"line":37,"column":21},"end":{"line":38,"column":29}},"locations":[{"start":{"line":37,"column":21},"end":{"line":38,"column":29}}]},"4":{"type":"branch","line":38,"loc":{"start":{"line":38,"column":25},"end":{"line":39,"column":26}},"locations":[{"start":{"line":38,"column":25},"end":{"line":39,"column":26}}]},"5":{"type":"branch","line":39,"loc":{"start":{"line":39,"column":22},"end":{"line":40,"column":26}},"locations":[{"start":{"line":39,"column":22},"end":{"line":40,"column":26}}]},"6":{"type":"branch","line":40,"loc":{"start":{"line":40,"column":22},"end":{"line":41,"column":24}},"locations":[{"start":{"line":40,"column":22},"end":{"line":41,"column":24}}]},"7":{"type":"branch","line":51,"loc":{"start":{"line":51,"column":9},"end":{"line":53,"column":3}},"locations":[{"start":{"line":51,"column":9},"end":{"line":53,"column":3}}]}},"b":{"0":[1],"1":[6],"2":[0],"3":[5],"4":[4],"5":[3],"6":[2],"7":[1]},"fnMap":{"0":{"name":"celular","decl":{"start":{"line":11,"column":11},"end":{"line":11,"column":40}},"loc":{"start":{"line":11,"column":11},"end":{"line":11,"column":40}},"line":11},"1":{"name":"cpf","decl":{"start":{"line":12,"column":7},"end":{"line":12,"column":32}},"loc":{"start":{"line":12,"column":7},"end":{"line":12,"column":32}},"line":12},"2":{"name":"email","decl":{"start":{"line":13,"column":9},"end":{"line":13,"column":22}},"loc":{"start":{"line":13,"column":9},"end":{"line":13,"column":22}},"line":13},"3":{"name":"uuid","decl":{"start":{"line":14,"column":8},"end":{"line":14,"column":34}},"loc":{"start":{"line":14,"column":8},"end":{"line":14,"column":34}},"line":14},"4":{"name":"Pix","decl":{"start":{"line":18,"column":2},"end":{"line":18,"column":37}},"loc":{"start":{"line":18,"column":2},"end":{"line":18,"column":37}},"line":18},"5":{"name":"isValid","decl":{"start":{"line":20,"column":2},"end":{"line":22,"column":3}},"loc":{"start":{"line":20,"column":2},"end":{"line":22,"column":3}},"line":20},"6":{"name":"format","decl":{"start":{"line":24,"column":2},"end":{"line":26,"column":3}},"loc":{"start":{"line":24,"column":2},"end":{"line":26,"column":3}},"line":24},"7":{"name":"isValid","decl":{"start":{"line":33,"column":9},"end":{"line":43,"column":3}},"loc":{"start":{"line":33,"column":9},"end":{"line":43,"column":3}},"line":33},"8":{"name":"format","decl":{"start":{"line":51,"column":9},"end":{"line":53,"column":3}},"loc":{"start":{"line":51,"column":9},"end":{"line":53,"column":3}},"line":51}},"f":{"0":0,"1":0,"2":0,"3":1,"4":0,"5":0,"6":0,"7":6,"8":1}}
,"/Users/terukimateus/Documents/br-docs-utils/src/telefone.ts": {"path":"/Users/terukimateus/Documents/br-docs-utils/src/telefone.ts","all":false,"statementMap":{"2":{"start":{"line":3,"column":0},"end":{"line":3,"column":22}},"3":{"start":{"line":4,"column":0},"end":{"line":4,"column":105}},"5":{"start":{"line":6,"column":0},"end":{"line":6,"column":48}},"6":{"start":{"line":7,"column":0},"end":{"line":7,"column":39}},"8":{"start":{"line":9,"column":0},"end":{"line":9,"column":22}},"9":{"start":{"line":10,"column":0},"end":{"line":10,"column":40}},"10":{"start":{"line":11,"column":0},"end":{"line":11,"column":3}},"12":{"start":{"line":13,"column":0},"end":{"line":13,"column":20}},"13":{"start":{"line":14,"column":0},"end":{"line":14,"column":39}},"14":{"start":{"line":15,"column":0},"end":{"line":15,"column":3}},"16":{"start":{"line":17,"column":0},"end":{"line":17,"column":19}},"17":{"start":{"line":18,"column":0},"end":{"line":18,"column":38}},"18":{"start":{"line":19,"column":0},"end":{"line":19,"column":3}},"25":{"start":{"line":26,"column":0},"end":{"line":26,"column":42}},"26":{"start":{"line":27,"column":0},"end":{"line":27,"column":29}},"28":{"start":{"line":29,"column":0},"end":{"line":29,"column":48}},"29":{"start":{"line":30,"column":0},"end":{"line":30,"column":47}},"31":{"start":{"line":32,"column":0},"end":{"line":32,"column":43}},"32":{"start":{"line":33,"column":0},"end":{"line":33,"column":3}},"39":{"start":{"line":40,"column":0},"end":{"line":40,"column":40}},"40":{"start":{"line":41,"column":0},"end":{"line":41,"column":48}},"41":{"start":{"line":42,"column":0},"end":{"line":42,"column":37}},"42":{"start":{"line":43,"column":0},"end":{"line":43,"column":24}},"43":{"start":{"line":44,"column":0},"end":{"line":44,"column":71}},"44":{"start":{"line":45,"column":0},"end":{"line":45,"column":5}},"46":{"start":{"line":47,"column":0},"end":{"line":47,"column":17}},"47":{"start":{"line":48,"column":0},"end":{"line":48,"column":3}},"55":{"start":{"line":56,"column":0},"end":{"line":56,"column":39}},"56":{"start":{"line":57,"column":0},"end":{"line":57,"column":48}},"57":{"start":{"line":58,"column":0},"end":{"line":58,"column":22}},"58":{"start":{"line":59,"column":0},"end":{"line":59,"column":3}},"59":{"start":{"line":60,"column":0},"end":{"line":60,"column":1}},"61":{"start":{"line":62,"column":0},"end":{"line":62,"column":24}}},"s":{"2":1,"3":1,"5":1,"6":1,"8":1,"9":0,"10":0,"12":1,"13":0,"14":0,"16":1,"17":0,"18":0,"25":1,"26":5,"28":5,"29":5,"31":2,"32":5,"39":1,"40":1,"41":1,"42":1,"43":1,"44":1,"46":0,"47":1,"55":1,"56":1,"57":1,"58":1,"59":1,"61":1},"branchMap":{"0":{"type":"branch","line":26,"loc":{"start":{"line":26,"column":9},"end":{"line":33,"column":3}},"locations":[{"start":{"line":26,"column":9},"end":{"line":33,"column":3}}]},"1":{"type":"branch","line":27,"loc":{"start":{"line":27,"column":16},"end":{"line":27,"column":29}},"locations":[{"start":{"line":27,"column":16},"end":{"line":27,"column":29}}]},"2":{"type":"branch","line":30,"loc":{"start":{"line":30,"column":34},"end":{"line":30,"column":47}},"locations":[{"start":{"line":30,"column":34},"end":{"line":30,"column":47}}]},"3":{"type":"branch","line":30,"loc":{"start":{"line":30,"column":41},"end":{"line":32,"column":43}},"locations":[{"start":{"line":30,"column":41},"end":{"line":32,"column":43}}]},"4":{"type":"branch","line":40,"loc":{"start":{"line":40,"column":9},"end":{"line":48,"column":3}},"locations":[{"start":{"line":40,"column":9},"end":{"line":48,"column":3}}]},"5":{"type":"branch","line":45,"loc":{"start":{"line":45,"column":4},"end":{"line":47,"column":17}},"locations":[{"start":{"line":45,"column":4},"end":{"line":47,"column":17}}]},"6":{"type":"branch","line":56,"loc":{"start":{"line":56,"column":9},"end":{"line":59,"column":3}},"locations":[{"start":{"line":56,"column":9},"end":{"line":59,"column":3}}]}},"b":{"0":[5],"1":[0],"2":[3],"3":[2],"4":[1],"5":[0],"6":[1]},"fnMap":{"0":{"name":"Telefone","decl":{"start":{"line":7,"column":2},"end":{"line":7,"column":39}},"loc":{"start":{"line":7,"column":2},"end":{"line":7,"column":39}},"line":7},"1":{"name":"isValid","decl":{"start":{"line":9,"column":2},"end":{"line":11,"column":3}},"loc":{"start":{"line":9,"column":2},"end":{"line":11,"column":3}},"line":9},"2":{"name":"format","decl":{"start":{"line":13,"column":2},"end":{"line":15,"column":3}},"loc":{"start":{"line":13,"column":2},"end":{"line":15,"column":3}},"line":13},"3":{"name":"parse","decl":{"start":{"line":17,"column":2},"end":{"line":19,"column":3}},"loc":{"start":{"line":17,"column":2},"end":{"line":19,"column":3}},"line":17},"4":{"name":"isValid","decl":{"start":{"line":26,"column":9},"end":{"line":33,"column":3}},"loc":{"start":{"line":26,"column":9},"end":{"line":33,"column":3}},"line":26},"5":{"name":"format","decl":{"start":{"line":40,"column":9},"end":{"line":48,"column":3}},"loc":{"start":{"line":40,"column":9},"end":{"line":48,"column":3}},"line":40},"6":{"name":"parse","decl":{"start":{"line":56,"column":9},"end":{"line":59,"column":3}},"loc":{"start":{"line":56,"column":9},"end":{"line":59,"column":3}},"line":56}},"f":{"0":0,"1":0,"2":0,"3":0,"4":5,"5":1,"6":1}}
,"/Users/terukimateus/Documents/br-docs-utils/src/uuid.ts": {"path":"/Users/terukimateus/Documents/br-docs-utils/src/uuid.ts","all":false,"statementMap":{"2":{"start":{"line":3,"column":0},"end":{"line":3,"column":56}},"3":{"start":{"line":4,"column":0},"end":{"line":4,"column":38}},"5":{"start":{"line":6,"column":0},"end":{"line":6,"column":22}},"6":{"start":{"line":7,"column":0},"end":{"line":7,"column":35}},"7":{"start":{"line":8,"column":0},"end":{"line":8,"column":3}},"9":{"start":{"line":10,"column":0},"end":{"line":10,"column":19}},"10":{"start":{"line":11,"column":0},"end":{"line":11,"column":33}},"11":{"start":{"line":12,"column":0},"end":{"line":12,"column":3}},"18":{"start":{"line":19,"column":0},"end":{"line":19,"column":41}},"19":{"start":{"line":20,"column":0},"end":{"line":20,"column":21}},"20":{"start":{"line":21,"column":0},"end":{"line":21,"column":83}},"21":{"start":{"line":22,"column":0},"end":{"line":22,"column":32}},"22":{"start":{"line":23,"column":0},"end":{"line":23,"column":3}},"29":{"start":{"line":30,"column":0},"end":{"line":30,"column":39}},"30":{"start":{"line":31,"column":0},"end":{"line":31,"column":45}},"31":{"start":{"line":32,"column":0},"end":{"line":32,"column":29}},"32":{"start":{"line":33,"column":0},"end":{"line":33,"column":76}},"33":{"start":{"line":34,"column":0},"end":{"line":34,"column":22}},"34":{"start":{"line":35,"column":0},"end":{"line":35,"column":6}},"35":{"start":{"line":36,"column":0},"end":{"line":36,"column":3}},"42":{"start":{"line":43,"column":0},"end":{"line":43,"column":38}},"43":{"start":{"line":44,"column":0},"end":{"line":44,"column":34}},"44":{"start":{"line":45,"column":0},"end":{"line":45,"column":3}},"45":{"start":{"line":46,"column":0},"end":{"line":46,"column":1}},"47":{"start":{"line":48,"column":0},"end":{"line":48,"column":20}}},"s":{"2":1,"3":1,"5":1,"6":0,"7":0,"9":1,"10":0,"11":0,"18":1,"19":6,"20":6,"21":6,"22":6,"29":1,"30":2,"31":2,"32":2,"33":2,"34":2,"35":2,"42":1,"43":1,"44":1,"45":1,"47":1},"branchMap":{"0":{"type":"branch","line":19,"loc":{"start":{"line":19,"column":9},"end":{"line":23,"column":3}},"locations":[{"start":{"line":19,"column":9},"end":{"line":23,"column":3}}]},"1":{"type":"branch","line":30,"loc":{"start":{"line":30,"column":9},"end":{"line":36,"column":3}},"locations":[{"start":{"line":30,"column":9},"end":{"line":36,"column":3}}]},"2":{"type":"branch","line":43,"loc":{"start":{"line":43,"column":9},"end":{"line":45,"column":3}},"locations":[{"start":{"line":43,"column":9},"end":{"line":45,"column":3}}]}},"b":{"0":[6],"1":[2],"2":[1]},"fnMap":{"0":{"name":"Uuid","decl":{"start":{"line":4,"column":2},"end":{"line":4,"column":38}},"loc":{"start":{"line":4,"column":2},"end":{"line":4,"column":38}},"line":4},"1":{"name":"isValid","decl":{"start":{"line":6,"column":2},"end":{"line":8,"column":3}},"loc":{"start":{"line":6,"column":2},"end":{"line":8,"column":3}},"line":6},"2":{"name":"parse","decl":{"start":{"line":10,"column":2},"end":{"line":12,"column":3}},"loc":{"start":{"line":10,"column":2},"end":{"line":12,"column":3}},"line":10},"3":{"name":"isValid","decl":{"start":{"line":19,"column":9},"end":{"line":23,"column":3}},"loc":{"start":{"line":19,"column":9},"end":{"line":23,"column":3}},"line":19},"4":{"name":"format","decl":{"start":{"line":30,"column":9},"end":{"line":36,"column":3}},"loc":{"start":{"line":30,"column":9},"end":{"line":36,"column":3}},"line":30},"5":{"name":"parse","decl":{"start":{"line":43,"column":9},"end":{"line":45,"column":3}},"loc":{"start":{"line":43,"column":9},"end":{"line":45,"column":3}},"line":43}},"f":{"0":0,"1":0,"2":0,"3":6,"4":2,"5":1}}
}
